<?xml version="1.0" encoding="UTF-8"?>
<!-- Generated by org.testng.reporters.JUnitReportReporter -->
<testsuite hostname="asus-PC" failures="0" tests="1" name="Demo1" time="0.020" errors="0" timestamp="2021-02-09T21:22:20 IST" skipped="0">
  <testcase classname="Demo1" name="TC" time="0.020"/>
  <system-out>
Hi...  </system-out>
</testsuite> <!-- Demo1 -->
